<?xml version="1.0" encoding="utf-8"?><testsuites name="pytest tests"><testsuite name="pytest" errors="0" failures="0" skipped="0" tests="7" time="2.381" timestamp="2026-07-26T12:00:18.678023+00:00" hostname="agent-env-912788b7-e600-4ca3-a5ac-4d9b6bcc3872"><testcase classname="tests.backend_test.TestPin" name="test_correct_pin" time="0.218" /><testcase classname="tests.backend_test.TestContact" name="test_create_contact_valid" time="0.259" /><testcase classname="tests.backend_test.TestPin" name="test_wrong_pin" time="0.113" /><testcase classname="tests.backend_test.TestContact" name="test_invalid_email" time="0.144" /><testcase classname="tests.backend_test.TestPin" name="test_pin_missing_field" time="0.102" /><testcase classname="tests.backend_test.TestContact" name="test_missing_message" time="0.101" /><testcase classname="tests.backend_test.TestContact" name="test_list_sorted_recent_first" time="1.316" /></testsuite></testsuites>